{"contracts/Erc1155Quest.sol":{"l":{"29":10,"30":0,"31":10,"35":2,"39":2,"43":3,"44":2},"path":"/Users/garrett/repositories/rabbithole/quest-protocol/contracts/Erc1155Quest.sol","s":{"1":10,"2":10,"3":2,"4":2,"5":3,"6":2},"b":{"1":[0,10],"2":[3,1]},"f":{"1":73,"2":10,"3":2,"4":2,"5":3},"fnMap":{"1":{"name":"constructor","line":26,"loc":{"start":{"line":9,"column":4},"end":{"line":26,"column":6}}},"2":{"name":"start","line":28,"loc":{"start":{"line":28,"column":4},"end":{"line":32,"column":4}}},"3":{"name":"_transferRewards","line":34,"loc":{"start":{"line":34,"column":4},"end":{"line":36,"column":4}}},"4":{"name":"_calculateRewards","line":38,"loc":{"start":{"line":38,"column":4},"end":{"line":40,"column":4}}},"5":{"name":"withdrawRemainingTokens","line":42,"loc":{"start":{"line":42,"column":4},"end":{"line":51,"column":4}}}},"statementMap":{"1":{"start":{"line":29,"column":8},"end":{"line":29,"column":881}},"2":{"start":{"line":31,"column":8},"end":{"line":31,"column":20}},"3":{"start":{"line":35,"column":8},"end":{"line":35,"column":117}},"4":{"start":{"line":39,"column":8},"end":{"line":39,"column":36}},"5":{"start":{"line":43,"column":8},"end":{"line":43,"column":41}},"6":{"start":{"line":44,"column":8},"end":{"line":44,"column":1495}}},"branchMap":{"1":{"line":29,"type":"if","locations":[{"start":{"line":29,"column":8},"end":{"line":29,"column":8}},{"start":{"line":29,"column":8},"end":{"line":29,"column":8}}]},"2":{"line":42,"type":"if","locations":[{"start":{"line":42,"column":66},"end":{"line":42,"column":66}},{"start":{"line":42,"column":66},"end":{"line":42,"column":66}}]}}},"contracts/Erc20Quest.sol":{"l":{"34":31,"35":31,"36":31,"40":24,"44":12,"48":12,"49":12,"53":5,"57":5,"61":4,"63":3,"64":3,"65":3,"69":9,"73":5,"77":1},"path":"/Users/garrett/repositories/rabbithole/quest-protocol/contracts/Erc20Quest.sol","s":{"1":24,"2":12,"3":12,"4":12,"5":5,"6":5,"7":4,"8":3,"9":3,"10":3,"11":9,"12":5,"13":1},"b":{"1":[0,12],"2":[4,1],"3":[1,0]},"f":{"1":31,"2":24,"3":12,"4":12,"5":5,"6":5,"7":4,"8":9,"9":5,"10":1},"fnMap":{"1":{"name":"constructor","line":33,"loc":{"start":{"line":14,"column":4},"end":{"line":37,"column":4}}},"2":{"name":"maxTotalRewards","line":39,"loc":{"start":{"line":39,"column":4},"end":{"line":41,"column":4}}},"3":{"name":"maxProtocolReward","line":43,"loc":{"start":{"line":43,"column":4},"end":{"line":45,"column":4}}},"4":{"name":"start","line":47,"loc":{"start":{"line":47,"column":4},"end":{"line":50,"column":4}}},"5":{"name":"_transferRewards","line":52,"loc":{"start":{"line":52,"column":4},"end":{"line":54,"column":4}}},"6":{"name":"_calculateRewards","line":56,"loc":{"start":{"line":56,"column":4},"end":{"line":58,"column":4}}},"7":{"name":"withdrawRemainingTokens","line":60,"loc":{"start":{"line":60,"column":4},"end":{"line":66,"column":4}}},"8":{"name":"receiptRedeemers","line":68,"loc":{"start":{"line":68,"column":4},"end":{"line":70,"column":4}}},"9":{"name":"protocolFee","line":72,"loc":{"start":{"line":72,"column":4},"end":{"line":74,"column":4}}},"10":{"name":"withdrawFee","line":76,"loc":{"start":{"line":76,"column":4},"end":{"line":78,"column":4}}}},"statementMap":{"1":{"start":{"line":40,"column":8},"end":{"line":40,"column":61}},"2":{"start":{"line":44,"column":8},"end":{"line":44,"column":52}},"3":{"start":{"line":48,"column":8},"end":{"line":48,"column":134}},"4":{"start":{"line":49,"column":8},"end":{"line":49,"column":20}},"5":{"start":{"line":53,"column":8},"end":{"line":53,"column":60}},"6":{"start":{"line":57,"column":8},"end":{"line":57,"column":65}},"7":{"start":{"line":61,"column":8},"end":{"line":61,"column":41}},"8":{"start":{"line":63,"column":8},"end":{"line":63,"column":97}},"9":{"start":{"line":64,"column":8},"end":{"line":64,"column":115}},"10":{"start":{"line":65,"column":8},"end":{"line":65,"column":64}},"11":{"start":{"line":69,"column":8},"end":{"line":69,"column":60}},"12":{"start":{"line":73,"column":8},"end":{"line":73,"column":82}},"13":{"start":{"line":77,"column":8},"end":{"line":77,"column":76}}},"branchMap":{"1":{"line":48,"type":"if","locations":[{"start":{"line":48,"column":8},"end":{"line":48,"column":8}},{"start":{"line":48,"column":8},"end":{"line":48,"column":8}}]},"2":{"line":60,"type":"if","locations":[{"start":{"line":60,"column":66},"end":{"line":60,"column":66}},{"start":{"line":60,"column":66},"end":{"line":60,"column":66}}]},"3":{"line":76,"type":"if","locations":[{"start":{"line":76,"column":34},"end":{"line":76,"column":34}},{"start":{"line":76,"column":34},"end":{"line":76,"column":34}}]}}},"contracts/interfaces/IQuest.sol":{"l":{},"path":"/Users/garrett/repositories/rabbithole/quest-protocol/contracts/interfaces/IQuest.sol","s":{},"b":{},"f":{},"fnMap":{},"statementMap":{},"branchMap":{}},"contracts/interfaces/IQuestFactory.sol":{"l":{},"path":"/Users/garrett/repositories/rabbithole/quest-protocol/contracts/interfaces/IQuestFactory.sol","s":{},"b":{},"f":{},"fnMap":{},"statementMap":{},"branchMap":{}},"contracts/Quest.sol":{"l":{"32":104,"33":104,"34":104,"35":104,"36":104,"37":104,"38":104,"39":104,"40":104,"41":104,"45":20,"46":20,"50":6,"54":2,"58":7,"59":8,"64":7,"65":5,"69":8,"70":8,"74":19,"75":17,"76":15,"80":14,"82":12,"84":12,"86":9,"87":9,"88":10,"89":8,"93":9,"95":7,"96":7,"97":7,"98":7,"100":7,"104":0,"108":0,"112":13},"path":"/Users/garrett/repositories/rabbithole/quest-protocol/contracts/Quest.sol","s":{"1":104,"2":104,"3":7,"4":7,"5":8,"6":19,"7":17,"8":14,"9":12,"10":12,"11":9,"12":9,"13":10,"14":9,"15":7,"16":7,"17":7,"18":7,"19":13},"b":{"1":[0,104],"2":[0,104],"3":[20,2],"4":[6,2],"5":[6,0],"6":[2,2],"7":[2,0],"8":[2,5],"9":[0,8],"10":[2,17],"11":[2,15],"12":[14,4],"13":[2,12],"14":[3,9],"15":[8,2],"16":[2,7],"17":[7,0],"18":[5,2]},"f":{"1":104,"2":20,"3":6,"4":2,"5":7,"6":7,"7":8,"8":19,"9":14,"10":0,"11":0,"12":13,"13":5},"fnMap":{"1":{"name":"constructor","line":23,"loc":{"start":{"line":23,"column":4},"end":{"line":42,"column":4}}},"2":{"name":"start","line":44,"loc":{"start":{"line":44,"column":4},"end":{"line":47,"column":4}}},"3":{"name":"pause","line":49,"loc":{"start":{"line":49,"column":4},"end":{"line":51,"column":4}}},"4":{"name":"unPause","line":53,"loc":{"start":{"line":53,"column":4},"end":{"line":55,"column":4}}},"5":{"name":"_setClaimed","line":57,"loc":{"start":{"line":57,"column":4},"end":{"line":61,"column":4}}},"6":{"name":"onlyAdminWithdrawAfterEnd","line":63,"loc":{"start":{"line":63,"column":4},"end":{"line":66,"column":4}}},"7":{"name":"onlyStarted","line":68,"loc":{"start":{"line":68,"column":4},"end":{"line":71,"column":4}}},"8":{"name":"onlyQuestActive","line":73,"loc":{"start":{"line":73,"column":4},"end":{"line":77,"column":4}}},"9":{"name":"claim","line":79,"loc":{"start":{"line":79,"column":4},"end":{"line":101,"column":4}}},"10":{"name":"_calculateRewards","line":103,"loc":{"start":{"line":103,"column":4},"end":{"line":105,"column":4}}},"11":{"name":"_transferRewards","line":107,"loc":{"start":{"line":107,"column":4},"end":{"line":109,"column":4}}},"12":{"name":"isClaimed","line":111,"loc":{"start":{"line":111,"column":4},"end":{"line":113,"column":4}}},"13":{"name":"withdrawRemainingTokens","line":115,"loc":{"start":{"line":115,"column":4},"end":{"line":115,"column":102}}}},"statementMap":{"1":{"start":{"line":32,"column":8},"end":{"line":32,"column":63}},"2":{"start":{"line":33,"column":8},"end":{"line":33,"column":67}},"3":{"start":{"line":58,"column":8},"end":{"line":58,"column":1934}},"4":{"start":{"line":64,"column":8},"end":{"line":64,"column":69}},"5":{"start":{"line":69,"column":8},"end":{"line":69,"column":44}},"6":{"start":{"line":74,"column":8},"end":{"line":74,"column":44}},"7":{"start":{"line":75,"column":8},"end":{"line":75,"column":71}},"8":{"start":{"line":80,"column":8},"end":{"line":80,"column":42}},"9":{"start":{"line":82,"column":8},"end":{"line":82,"column":101}},"10":{"start":{"line":84,"column":8},"end":{"line":84,"column":56}},"11":{"start":{"line":86,"column":8},"end":{"line":86,"column":40}},"12":{"start":{"line":87,"column":8},"end":{"line":87,"column":2751}},"13":{"start":{"line":88,"column":12},"end":{"line":88,"column":2810}},"14":{"start":{"line":93,"column":8},"end":{"line":93,"column":62}},"15":{"start":{"line":95,"column":8},"end":{"line":95,"column":80}},"16":{"start":{"line":96,"column":8},"end":{"line":96,"column":26}},"17":{"start":{"line":97,"column":8},"end":{"line":97,"column":47}},"18":{"start":{"line":100,"column":8},"end":{"line":100,"column":56}},"19":{"start":{"line":112,"column":8},"end":{"line":112,"column":44}}},"branchMap":{"1":{"line":32,"type":"if","locations":[{"start":{"line":32,"column":8},"end":{"line":32,"column":8}},{"start":{"line":32,"column":8},"end":{"line":32,"column":8}}]},"2":{"line":33,"type":"if","locations":[{"start":{"line":33,"column":8},"end":{"line":33,"column":8}},{"start":{"line":33,"column":8},"end":{"line":33,"column":8}}]},"3":{"line":44,"type":"if","locations":[{"start":{"line":44,"column":36},"end":{"line":44,"column":36}},{"start":{"line":44,"column":36},"end":{"line":44,"column":36}}]},"4":{"line":49,"type":"if","locations":[{"start":{"line":49,"column":28},"end":{"line":49,"column":28}},{"start":{"line":49,"column":28},"end":{"line":49,"column":28}}]},"5":{"line":49,"type":"if","locations":[{"start":{"line":49,"column":38},"end":{"line":49,"column":38}},{"start":{"line":49,"column":38},"end":{"line":49,"column":38}}]},"6":{"line":53,"type":"if","locations":[{"start":{"line":53,"column":30},"end":{"line":53,"column":30}},{"start":{"line":53,"column":30},"end":{"line":53,"column":30}}]},"7":{"line":53,"type":"if","locations":[{"start":{"line":53,"column":40},"end":{"line":53,"column":40}},{"start":{"line":53,"column":40},"end":{"line":53,"column":40}}]},"8":{"line":64,"type":"if","locations":[{"start":{"line":64,"column":8},"end":{"line":64,"column":8}},{"start":{"line":64,"column":8},"end":{"line":64,"column":8}}]},"9":{"line":69,"type":"if","locations":[{"start":{"line":69,"column":8},"end":{"line":69,"column":8}},{"start":{"line":69,"column":8},"end":{"line":69,"column":8}}]},"10":{"line":74,"type":"if","locations":[{"start":{"line":74,"column":8},"end":{"line":74,"column":8}},{"start":{"line":74,"column":8},"end":{"line":74,"column":8}}]},"11":{"line":75,"type":"if","locations":[{"start":{"line":75,"column":8},"end":{"line":75,"column":8}},{"start":{"line":75,"column":8},"end":{"line":75,"column":8}}]},"12":{"line":79,"type":"if","locations":[{"start":{"line":79,"column":36},"end":{"line":79,"column":36}},{"start":{"line":79,"column":36},"end":{"line":79,"column":36}}]},"13":{"line":80,"type":"if","locations":[{"start":{"line":80,"column":8},"end":{"line":80,"column":8}},{"start":{"line":80,"column":8},"end":{"line":80,"column":8}}]},"14":{"line":84,"type":"if","locations":[{"start":{"line":84,"column":8},"end":{"line":84,"column":8}},{"start":{"line":84,"column":8},"end":{"line":84,"column":8}}]},"15":{"line":88,"type":"if","locations":[{"start":{"line":88,"column":12},"end":{"line":88,"column":12}},{"start":{"line":88,"column":12},"end":{"line":88,"column":12}}]},"16":{"line":93,"type":"if","locations":[{"start":{"line":93,"column":8},"end":{"line":93,"column":8}},{"start":{"line":93,"column":8},"end":{"line":93,"column":8}}]},"17":{"line":115,"type":"if","locations":[{"start":{"line":115,"column":65},"end":{"line":115,"column":65}},{"start":{"line":115,"column":65},"end":{"line":115,"column":65}}]},"18":{"line":115,"type":"if","locations":[{"start":{"line":115,"column":75},"end":{"line":115,"column":75}},{"start":{"line":115,"column":75},"end":{"line":115,"column":75}}]}}},"contracts/QuestFactory.sol":{"l":{"40":127,"41":127,"42":127,"43":127,"44":127,"45":127,"69":37,"71":36,"72":33,"74":31,"85":31,"87":31,"88":31,"89":31,"90":31,"93":3,"94":2,"96":1,"105":1,"107":1,"108":1,"109":1,"110":1,"113":1,"120":1,"121":1,"123":0,"129":127,"130":127,"136":1,"142":129,"143":127,"149":0,"156":33,"162":9,"169":4,"170":4,"178":6,"179":6,"180":5,"181":4,"183":4,"184":4,"185":4},"path":"/Users/garrett/repositories/rabbithole/quest-protocol/contracts/QuestFactory.sol","s":{"1":127,"2":127,"3":127,"4":127,"5":37,"6":36,"7":33,"8":31,"9":31,"10":31,"11":31,"12":3,"13":2,"14":1,"15":1,"16":1,"17":1,"18":1,"19":1,"20":0,"21":127,"22":127,"23":129,"24":9,"25":4,"26":4,"27":6,"28":6,"29":5,"30":4,"31":4},"b":{"1":[127,0],"2":[37,1],"3":[1,36],"4":[33,3],"5":[2,31],"6":[2,1],"7":[1,1],"8":[1,0],"9":[1,0],"10":[1,0],"11":[129,0],"12":[2,127],"13":[0,0],"14":[33,0],"15":[0,6],"16":[1,5],"17":[1,4],"18":[0,4]},"f":{"1":3,"2":127,"3":37,"4":1,"5":127,"6":1,"7":129,"8":0,"9":33,"10":9,"11":4,"12":6},"fnMap":{"1":{"name":"constructor","line":33,"loc":{"start":{"line":33,"column":4},"end":{"line":33,"column":31}}},"2":{"name":"initialize","line":39,"loc":{"start":{"line":35,"column":4},"end":{"line":46,"column":4}}},"3":{"name":"createQuest","line":68,"loc":{"start":{"line":58,"column":4},"end":{"line":114,"column":4}}},"4":{"name":"changeCreateQuestRole","line":119,"loc":{"start":{"line":119,"column":4},"end":{"line":125,"column":4}}},"5":{"name":"grantDefaultAdminAndCreateQuestRole","line":128,"loc":{"start":{"line":128,"column":4},"end":{"line":131,"column":4}}},"6":{"name":"setClaimSignerAddress","line":135,"loc":{"start":{"line":135,"column":4},"end":{"line":137,"column":4}}},"7":{"name":"setProtocolFeeRecipient","line":141,"loc":{"start":{"line":141,"column":4},"end":{"line":144,"column":4}}},"8":{"name":"setRabbitHoleReceiptContract","line":148,"loc":{"start":{"line":148,"column":4},"end":{"line":150,"column":4}}},"9":{"name":"setRewardAllowlistAddress","line":155,"loc":{"start":{"line":155,"column":4},"end":{"line":157,"column":4}}},"10":{"name":"getNumberMinted","line":161,"loc":{"start":{"line":161,"column":4},"end":{"line":163,"column":4}}},"11":{"name":"recoverSigner","line":168,"loc":{"start":{"line":168,"column":4},"end":{"line":171,"column":4}}},"12":{"name":"mintReceipt","line":177,"loc":{"start":{"line":177,"column":4},"end":{"line":186,"column":4}}}},"statementMap":{"1":{"start":{"line":40,"column":8},"end":{"line":40,"column":23}},"2":{"start":{"line":41,"column":8},"end":{"line":41,"column":29}},"3":{"start":{"line":42,"column":8},"end":{"line":42,"column":54}},"4":{"start":{"line":45,"column":8},"end":{"line":45,"column":53}},"5":{"start":{"line":69,"column":8},"end":{"line":69,"column":77}},"6":{"start":{"line":71,"column":8},"end":{"line":71,"column":3106}},"7":{"start":{"line":72,"column":12},"end":{"line":72,"column":88}},"8":{"start":{"line":74,"column":12},"end":{"line":74,"column":3304}},"9":{"start":{"line":85,"column":12},"end":{"line":85,"column":49}},"10":{"start":{"line":87,"column":12},"end":{"line":87,"column":75}},"11":{"start":{"line":90,"column":12},"end":{"line":90,"column":36}},"12":{"start":{"line":93,"column":8},"end":{"line":93,"column":3962}},"13":{"start":{"line":94,"column":12},"end":{"line":94,"column":75}},"14":{"start":{"line":96,"column":12},"end":{"line":96,"column":4149}},"15":{"start":{"line":105,"column":12},"end":{"line":105,"column":49}},"16":{"start":{"line":107,"column":12},"end":{"line":107,"column":75}},"17":{"start":{"line":110,"column":12},"end":{"line":110,"column":36}},"18":{"start":{"line":120,"column":8},"end":{"line":120,"column":5117}},"19":{"start":{"line":121,"column":12},"end":{"line":121,"column":50}},"20":{"start":{"line":123,"column":12},"end":{"line":123,"column":51}},"21":{"start":{"line":129,"column":8},"end":{"line":129,"column":47}},"22":{"start":{"line":130,"column":8},"end":{"line":130,"column":46}},"23":{"start":{"line":142,"column":8},"end":{"line":142,"column":79}},"24":{"start":{"line":162,"column":8},"end":{"line":162,"column":44}},"25":{"start":{"line":169,"column":8},"end":{"line":169,"column":102}},"26":{"start":{"line":170,"column":8},"end":{"line":170,"column":66}},"27":{"start":{"line":178,"column":8},"end":{"line":178,"column":107}},"28":{"start":{"line":179,"column":8},"end":{"line":179,"column":93}},"29":{"start":{"line":180,"column":8},"end":{"line":180,"column":92}},"30":{"start":{"line":181,"column":8},"end":{"line":181,"column":93}},"31":{"start":{"line":185,"column":8},"end":{"line":185,"column":59}}},"branchMap":{"1":{"line":39,"type":"if","locations":[{"start":{"line":39,"column":13},"end":{"line":39,"column":13}},{"start":{"line":39,"column":13},"end":{"line":39,"column":13}}]},"2":{"line":68,"type":"if","locations":[{"start":{"line":68,"column":13},"end":{"line":68,"column":13}},{"start":{"line":68,"column":13},"end":{"line":68,"column":13}}]},"3":{"line":69,"type":"if","locations":[{"start":{"line":69,"column":8},"end":{"line":69,"column":8}},{"start":{"line":69,"column":8},"end":{"line":69,"column":8}}]},"4":{"line":71,"type":"if","locations":[{"start":{"line":71,"column":8},"end":{"line":71,"column":8}},{"start":{"line":71,"column":8},"end":{"line":71,"column":8}}]},"5":{"line":72,"type":"if","locations":[{"start":{"line":72,"column":12},"end":{"line":72,"column":12}},{"start":{"line":72,"column":12},"end":{"line":72,"column":12}}]},"6":{"line":93,"type":"if","locations":[{"start":{"line":93,"column":8},"end":{"line":93,"column":8}},{"start":{"line":93,"column":8},"end":{"line":93,"column":8}}]},"7":{"line":94,"type":"if","locations":[{"start":{"line":94,"column":12},"end":{"line":94,"column":12}},{"start":{"line":94,"column":12},"end":{"line":94,"column":12}}]},"8":{"line":119,"type":"if","locations":[{"start":{"line":119,"column":82},"end":{"line":119,"column":82}},{"start":{"line":119,"column":82},"end":{"line":119,"column":82}}]},"9":{"line":120,"type":"if","locations":[{"start":{"line":120,"column":8},"end":{"line":120,"column":8}},{"start":{"line":120,"column":8},"end":{"line":120,"column":8}}]},"10":{"line":135,"type":"if","locations":[{"start":{"line":135,"column":71},"end":{"line":135,"column":71}},{"start":{"line":135,"column":71},"end":{"line":135,"column":71}}]},"11":{"line":141,"type":"if","locations":[{"start":{"line":141,"column":75},"end":{"line":141,"column":75}},{"start":{"line":141,"column":75},"end":{"line":141,"column":75}}]},"12":{"line":142,"type":"if","locations":[{"start":{"line":142,"column":8},"end":{"line":142,"column":8}},{"start":{"line":142,"column":8},"end":{"line":142,"column":8}}]},"13":{"line":148,"type":"if","locations":[{"start":{"line":148,"column":85},"end":{"line":148,"column":85}},{"start":{"line":148,"column":85},"end":{"line":148,"column":85}}]},"14":{"line":155,"type":"if","locations":[{"start":{"line":155,"column":85},"end":{"line":155,"column":85}},{"start":{"line":155,"column":85},"end":{"line":155,"column":85}}]},"15":{"line":178,"type":"if","locations":[{"start":{"line":178,"column":8},"end":{"line":178,"column":8}},{"start":{"line":178,"column":8},"end":{"line":178,"column":8}}]},"16":{"line":179,"type":"if","locations":[{"start":{"line":179,"column":8},"end":{"line":179,"column":8}},{"start":{"line":179,"column":8},"end":{"line":179,"column":8}}]},"17":{"line":180,"type":"if","locations":[{"start":{"line":180,"column":8},"end":{"line":180,"column":8}},{"start":{"line":180,"column":8},"end":{"line":180,"column":8}}]},"18":{"line":181,"type":"if","locations":[{"start":{"line":181,"column":8},"end":{"line":181,"column":8}},{"start":{"line":181,"column":8},"end":{"line":181,"column":8}}]}}},"contracts/RabbitHoleReceipt.sol":{"l":{"34":3,"43":210,"44":210,"45":210,"46":210,"47":210,"48":210,"49":210,"53":15,"54":15,"58":0,"62":0,"66":0,"70":0,"74":15,"75":15,"76":15,"77":15,"78":15,"85":16,"86":16,"87":16,"89":16,"90":17,"91":17,"92":15,"93":15,"97":16,"98":16,"100":16,"101":17,"102":15,"103":15,"106":16,"110":0,"119":15,"125":1,"126":1,"133":0,"135":0,"136":0,"142":0},"path":"/Users/garrett/repositories/rabbithole/quest-protocol/contracts/RabbitHoleReceipt.sol","s":{"1":3,"2":210,"3":210,"4":210,"5":15,"6":15,"7":15,"8":16,"9":16,"10":16,"11":16,"12":17,"13":17,"14":16,"15":16,"16":16,"17":17,"18":16,"19":0,"20":15,"21":1,"22":1,"23":0,"24":0,"25":0,"26":0},"b":{"1":[210,0],"2":[0,0],"3":[0,0],"4":[0,0],"5":[0,0],"6":[15,0],"7":[15,2],"8":[15,2],"9":[1,0],"10":[0,0],"11":[0,0]},"f":{"1":3,"2":210,"3":15,"4":0,"5":0,"6":0,"7":0,"8":15,"9":16,"10":0,"11":15,"12":1,"13":0,"14":0},"fnMap":{"1":{"name":"constructor","line":33,"loc":{"start":{"line":33,"column":4},"end":{"line":35,"column":4}}},"2":{"name":"initialize","line":42,"loc":{"start":{"line":37,"column":4},"end":{"line":50,"column":4}}},"3":{"name":"onlyMinter","line":52,"loc":{"start":{"line":52,"column":4},"end":{"line":55,"column":4}}},"4":{"name":"setReceiptRenderer","line":57,"loc":{"start":{"line":57,"column":4},"end":{"line":59,"column":4}}},"5":{"name":"setRoyaltyRecipient","line":61,"loc":{"start":{"line":61,"column":4},"end":{"line":63,"column":4}}},"6":{"name":"setMinterAddress","line":65,"loc":{"start":{"line":65,"column":4},"end":{"line":67,"column":4}}},"7":{"name":"setRoyaltyFee","line":69,"loc":{"start":{"line":69,"column":4},"end":{"line":71,"column":4}}},"8":{"name":"mint","line":73,"loc":{"start":{"line":73,"column":4},"end":{"line":79,"column":4}}},"9":{"name":"getOwnedTokenIdsOfQuest","line":81,"loc":{"start":{"line":81,"column":4},"end":{"line":107,"column":4}}},"10":{"name":"_burn","line":109,"loc":{"start":{"line":109,"column":4},"end":{"line":111,"column":4}}},"11":{"name":"_beforeTokenTransfer","line":113,"loc":{"start":{"line":113,"column":4},"end":{"line":120,"column":4}}},"12":{"name":"tokenURI","line":122,"loc":{"start":{"line":122,"column":4},"end":{"line":127,"column":4}}},"13":{"name":"royaltyInfo","line":129,"loc":{"start":{"line":129,"column":4},"end":{"line":137,"column":4}}},"14":{"name":"supportsInterface","line":139,"loc":{"start":{"line":139,"column":4},"end":{"line":143,"column":4}}}},"statementMap":{"1":{"start":{"line":34,"column":8},"end":{"line":34,"column":29}},"2":{"start":{"line":43,"column":8},"end":{"line":43,"column":48}},"3":{"start":{"line":44,"column":8},"end":{"line":44,"column":32}},"4":{"start":{"line":45,"column":8},"end":{"line":45,"column":23}},"5":{"start":{"line":74,"column":8},"end":{"line":74,"column":28}},"6":{"start":{"line":75,"column":8},"end":{"line":75,"column":45}},"7":{"start":{"line":76,"column":8},"end":{"line":76,"column":33}},"8":{"start":{"line":85,"column":8},"end":{"line":85,"column":58}},"9":{"start":{"line":86,"column":8},"end":{"line":86,"column":69}},"10":{"start":{"line":87,"column":8},"end":{"line":87,"column":28}},"11":{"start":{"line":89,"column":8},"end":{"line":89,"column":3092}},"12":{"start":{"line":90,"column":12},"end":{"line":90,"column":66}},"13":{"start":{"line":91,"column":12},"end":{"line":91,"column":3222}},"14":{"start":{"line":97,"column":8},"end":{"line":97,"column":62}},"15":{"start":{"line":98,"column":8},"end":{"line":98,"column":41}},"16":{"start":{"line":100,"column":8},"end":{"line":100,"column":3519}},"17":{"start":{"line":101,"column":12},"end":{"line":101,"column":3581}},"18":{"start":{"line":106,"column":8},"end":{"line":106,"column":29}},"19":{"start":{"line":110,"column":8},"end":{"line":110,"column":27}},"20":{"start":{"line":119,"column":8},"end":{"line":119,"column":63}},"21":{"start":{"line":125,"column":8},"end":{"line":125,"column":86}},"22":{"start":{"line":126,"column":8},"end":{"line":126,"column":94}},"23":{"start":{"line":133,"column":8},"end":{"line":133,"column":53}},"24":{"start":{"line":135,"column":8},"end":{"line":135,"column":65}},"25":{"start":{"line":136,"column":8},"end":{"line":136,"column":49}},"26":{"start":{"line":142,"column":8},"end":{"line":142,"column":107}}},"branchMap":{"1":{"line":42,"type":"if","locations":[{"start":{"line":42,"column":13},"end":{"line":42,"column":13}},{"start":{"line":42,"column":13},"end":{"line":42,"column":13}}]},"2":{"line":57,"type":"if","locations":[{"start":{"line":57,"column":65},"end":{"line":57,"column":65}},{"start":{"line":57,"column":65},"end":{"line":57,"column":65}}]},"3":{"line":61,"type":"if","locations":[{"start":{"line":61,"column":67},"end":{"line":61,"column":67}},{"start":{"line":61,"column":67},"end":{"line":61,"column":67}}]},"4":{"line":65,"type":"if","locations":[{"start":{"line":65,"column":61},"end":{"line":65,"column":61}},{"start":{"line":65,"column":61},"end":{"line":65,"column":61}}]},"5":{"line":69,"type":"if","locations":[{"start":{"line":69,"column":55},"end":{"line":69,"column":55}},{"start":{"line":69,"column":55},"end":{"line":69,"column":55}}]},"6":{"line":73,"type":"if","locations":[{"start":{"line":73,"column":62},"end":{"line":73,"column":62}},{"start":{"line":73,"column":62},"end":{"line":73,"column":62}}]},"7":{"line":91,"type":"if","locations":[{"start":{"line":91,"column":12},"end":{"line":91,"column":12}},{"start":{"line":91,"column":12},"end":{"line":91,"column":12}}]},"8":{"line":101,"type":"if","locations":[{"start":{"line":101,"column":12},"end":{"line":101,"column":12}},{"start":{"line":101,"column":12},"end":{"line":101,"column":12}}]},"9":{"line":125,"type":"if","locations":[{"start":{"line":125,"column":8},"end":{"line":125,"column":8}},{"start":{"line":125,"column":8},"end":{"line":125,"column":8}}]},"10":{"line":133,"type":"if","locations":[{"start":{"line":133,"column":8},"end":{"line":133,"column":8}},{"start":{"line":133,"column":8},"end":{"line":133,"column":8}}]},"11":{"line":142,"type":"cond-expr","locations":[{"start":{"line":142,"column":15},"end":{"line":142,"column":66}},{"start":{"line":142,"column":71},"end":{"line":142,"column":106}}]}}},"contracts/RabbitHoleTickets.sol":{"l":{"26":3,"35":12,"36":12,"37":12,"38":12,"39":12,"40":12,"41":12,"45":3,"46":3,"50":0,"54":0,"58":0,"62":0,"66":2,"75":1,"79":1,"86":0,"87":0,"93":0},"path":"/Users/garrett/repositories/rabbithole/quest-protocol/contracts/RabbitHoleTickets.sol","s":{"1":3,"2":12,"3":12,"4":12,"5":2,"6":1,"7":1,"8":0,"9":0,"10":0},"b":{"1":[12,0],"2":[0,0],"3":[0,0],"4":[0,0],"5":[0,0],"6":[2,0],"7":[1,0],"8":[0,0]},"f":{"1":3,"2":12,"3":3,"4":0,"5":0,"6":0,"7":0,"8":2,"9":1,"10":1,"11":0,"12":0},"fnMap":{"1":{"name":"constructor","line":25,"loc":{"start":{"line":25,"column":4},"end":{"line":27,"column":4}}},"2":{"name":"initialize","line":34,"loc":{"start":{"line":29,"column":4},"end":{"line":42,"column":4}}},"3":{"name":"onlyMinter","line":44,"loc":{"start":{"line":44,"column":4},"end":{"line":47,"column":4}}},"4":{"name":"setTicketRenderer","line":49,"loc":{"start":{"line":49,"column":4},"end":{"line":51,"column":4}}},"5":{"name":"setRoyaltyRecipient","line":53,"loc":{"start":{"line":53,"column":4},"end":{"line":55,"column":4}}},"6":{"name":"setRoyaltyFee","line":57,"loc":{"start":{"line":57,"column":4},"end":{"line":59,"column":4}}},"7":{"name":"setMinterAddress","line":61,"loc":{"start":{"line":61,"column":4},"end":{"line":63,"column":4}}},"8":{"name":"mint","line":65,"loc":{"start":{"line":65,"column":4},"end":{"line":67,"column":4}}},"9":{"name":"mintBatch","line":74,"loc":{"start":{"line":69,"column":4},"end":{"line":76,"column":4}}},"10":{"name":"uri","line":78,"loc":{"start":{"line":78,"column":4},"end":{"line":80,"column":4}}},"11":{"name":"royaltyInfo","line":82,"loc":{"start":{"line":82,"column":4},"end":{"line":88,"column":4}}},"12":{"name":"supportsInterface","line":90,"loc":{"start":{"line":90,"column":4},"end":{"line":94,"column":4}}}},"statementMap":{"1":{"start":{"line":26,"column":8},"end":{"line":26,"column":29}},"2":{"start":{"line":35,"column":8},"end":{"line":35,"column":25}},"3":{"start":{"line":36,"column":8},"end":{"line":36,"column":23}},"4":{"start":{"line":37,"column":8},"end":{"line":37,"column":31}},"5":{"start":{"line":66,"column":8},"end":{"line":66,"column":34}},"6":{"start":{"line":75,"column":8},"end":{"line":75,"column":41}},"7":{"start":{"line":79,"column":8},"end":{"line":79,"column":64}},"8":{"start":{"line":86,"column":8},"end":{"line":86,"column":65}},"9":{"start":{"line":87,"column":8},"end":{"line":87,"column":49}},"10":{"start":{"line":93,"column":8},"end":{"line":93,"column":107}}},"branchMap":{"1":{"line":34,"type":"if","locations":[{"start":{"line":34,"column":13},"end":{"line":34,"column":13}},{"start":{"line":34,"column":13},"end":{"line":34,"column":13}}]},"2":{"line":49,"type":"if","locations":[{"start":{"line":49,"column":63},"end":{"line":49,"column":63}},{"start":{"line":49,"column":63},"end":{"line":49,"column":63}}]},"3":{"line":53,"type":"if","locations":[{"start":{"line":53,"column":67},"end":{"line":53,"column":67}},{"start":{"line":53,"column":67},"end":{"line":53,"column":67}}]},"4":{"line":57,"type":"if","locations":[{"start":{"line":57,"column":55},"end":{"line":57,"column":55}},{"start":{"line":57,"column":55},"end":{"line":57,"column":55}}]},"5":{"line":61,"type":"if","locations":[{"start":{"line":61,"column":61},"end":{"line":61,"column":61}},{"start":{"line":61,"column":61},"end":{"line":61,"column":61}}]},"6":{"line":65,"type":"if","locations":[{"start":{"line":65,"column":84},"end":{"line":65,"column":84}},{"start":{"line":65,"column":84},"end":{"line":65,"column":84}}]},"7":{"line":74,"type":"if","locations":[{"start":{"line":74,"column":13},"end":{"line":74,"column":13}},{"start":{"line":74,"column":13},"end":{"line":74,"column":13}}]},"8":{"line":93,"type":"cond-expr","locations":[{"start":{"line":93,"column":15},"end":{"line":93,"column":66}},{"start":{"line":93,"column":71},"end":{"line":93,"column":106}}]}}},"contracts/ReceiptRenderer.sol":{"l":{"21":1,"34":1,"42":1,"54":1},"path":"/Users/garrett/repositories/rabbithole/quest-protocol/contracts/ReceiptRenderer.sol","s":{"1":1,"2":1,"3":1,"4":1},"b":{},"f":{"1":1,"2":1},"fnMap":{"1":{"name":"generateTokenURI","line":17,"loc":{"start":{"line":17,"column":4},"end":{"line":35,"column":4}}},"2":{"name":"generateSVG","line":41,"loc":{"start":{"line":41,"column":4},"end":{"line":55,"column":4}}}},"statementMap":{"1":{"start":{"line":21,"column":8},"end":{"line":21,"column":786}},"2":{"start":{"line":34,"column":8},"end":{"line":34,"column":96}},"3":{"start":{"line":42,"column":8},"end":{"line":42,"column":1677}},"4":{"start":{"line":54,"column":8},"end":{"line":54,"column":89}}},"branchMap":{}},"contracts/SampleErc1155.sol":{"l":{"8":123},"path":"/Users/garrett/repositories/rabbithole/quest-protocol/contracts/SampleErc1155.sol","s":{"1":123},"b":{},"f":{"1":123},"fnMap":{"1":{"name":"constructor","line":7,"loc":{"start":{"line":7,"column":4},"end":{"line":9,"column":4}}}},"statementMap":{"1":{"start":{"line":8,"column":8},"end":{"line":8,"column":39}}},"branchMap":{}},"contracts/SampleERC20.sol":{"l":{"32":132},"path":"/Users/garrett/repositories/rabbithole/quest-protocol/contracts/SampleERC20.sol","s":{"1":132},"b":{},"f":{"1":132},"fnMap":{"1":{"name":"constructor","line":31,"loc":{"start":{"line":26,"column":4},"end":{"line":33,"column":4}}}},"statementMap":{"1":{"start":{"line":32,"column":8},"end":{"line":32,"column":34}}},"branchMap":{}},"contracts/test/TestERC20.sol":{"l":{"8":0,"14":0,"15":0,"16":0,"18":0},"path":"/Users/garrett/repositories/rabbithole/quest-protocol/contracts/test/TestERC20.sol","s":{"1":0,"2":0,"3":0,"4":0,"5":0,"6":0},"b":{"1":[0,0],"2":[0,0]},"f":{"1":0,"2":0},"fnMap":{"1":{"name":"constructor","line":7,"loc":{"start":{"line":7,"column":4},"end":{"line":9,"column":4}}},"2":{"name":"setBalance","line":13,"loc":{"start":{"line":13,"column":4},"end":{"line":20,"column":4}}}},"statementMap":{"1":{"start":{"line":8,"column":8},"end":{"line":8,"column":43}},"2":{"start":{"line":14,"column":8},"end":{"line":14,"column":32}},"3":{"start":{"line":15,"column":8},"end":{"line":15,"column":524}},"4":{"start":{"line":16,"column":12},"end":{"line":16,"column":34}},"5":{"start":{"line":17,"column":15},"end":{"line":17,"column":596}},"6":{"start":{"line":18,"column":12},"end":{"line":18,"column":34}}},"branchMap":{"1":{"line":15,"type":"if","locations":[{"start":{"line":15,"column":8},"end":{"line":15,"column":8}},{"start":{"line":15,"column":8},"end":{"line":15,"column":8}}]},"2":{"line":17,"type":"if","locations":[{"start":{"line":17,"column":15},"end":{"line":17,"column":15}},{"start":{"line":17,"column":15},"end":{"line":17,"column":15}}]}}},"contracts/TicketRenderer.sol":{"l":{"19":1,"30":1,"37":1,"46":1},"path":"/Users/garrett/repositories/rabbithole/quest-protocol/contracts/TicketRenderer.sol","s":{"1":1,"2":1,"3":1,"4":1},"b":{},"f":{"1":1,"2":1},"fnMap":{"1":{"name":"generateTokenURI","line":16,"loc":{"start":{"line":16,"column":4},"end":{"line":31,"column":4}}},"2":{"name":"generateSVG","line":36,"loc":{"start":{"line":36,"column":4},"end":{"line":47,"column":4}}}},"statementMap":{"1":{"start":{"line":19,"column":8},"end":{"line":19,"column":686}},"2":{"start":{"line":30,"column":8},"end":{"line":30,"column":96}},"3":{"start":{"line":37,"column":8},"end":{"line":37,"column":1410}},"4":{"start":{"line":46,"column":8},"end":{"line":46,"column":89}}},"branchMap":{}}}