{
"contracts/Erc1155Quest.sol":{"l":{"32":13,"33":0,"34":13,"38":13,"39":1,"40":12,"44":6,"48":6,"52":3,"53":2},"path":"/Users/garrett/repositories/rabbithole/quest-protocol/contracts/Erc1155Quest.sol","s":{"1":13,"2":13,"3":13,"4":12,"5":6,"6":6,"7":3,"8":2},"b":{"1":[0,13],"2":[1,12],"3":[3,1]},"f":{"1":92,"2":13,"3":13,"4":6,"5":6,"6":3},"fnMap":{"1":{"name":"constructor","line":28,"loc":{"start":{"line":9,"column":4},"end":{"line":29,"column":5}}},"2":{"name":"start","line":31,"loc":{"start":{"line":31,"column":4},"end":{"line":35,"column":4}}},"3":{"name":"claim","line":37,"loc":{"start":{"line":37,"column":4},"end":{"line":41,"column":4}}},"4":{"name":"_transferRewards","line":43,"loc":{"start":{"line":43,"column":4},"end":{"line":45,"column":4}}},"5":{"name":"_calculateRewards","line":47,"loc":{"start":{"line":47,"column":4},"end":{"line":49,"column":4}}},"6":{"name":"withdraw","line":51,"loc":{"start":{"line":51,"column":4},"end":{"line":60,"column":4}}}},"statementMap":{"1":{"start":{"line":32,"column":8},"end":{"line":32,"column":968}},"2":{"start":{"line":34,"column":8},"end":{"line":34,"column":20}},"3":{"start":{"line":38,"column":8},"end":{"line":38,"column":1182}},"4":{"start":{"line":40,"column":8},"end":{"line":40,"column":20}},"5":{"start":{"line":44,"column":8},"end":{"line":44,"column":117}},"6":{"start":{"line":48,"column":8},"end":{"line":48,"column":36}},"7":{"start":{"line":52,"column":8},"end":{"line":52,"column":23}},"8":{"start":{"line":53,"column":8},"end":{"line":53,"column":1746}}},"branchMap":{"1":{"line":32,"type":"if","locations":[{"start":{"line":32,"column":8},"end":{"line":32,"column":8}},{"start":{"line":32,"column":8},"end":{"line":32,"column":8}}]},"2":{"line":38,"type":"if","locations":[{"start":{"line":38,"column":8},"end":{"line":38,"column":8}},{"start":{"line":38,"column":8},"end":{"line":38,"column":8}}]},"3":{"line":51,"type":"if","locations":[{"start":{"line":51,"column":40},"end":{"line":51,"column":40}},{"start":{"line":51,"column":40},"end":{"line":51,"column":40}}]}}},
"contracts/Erc20Quest.sol":{"l":{"33":13,"34":13,"38":13,"39":12,"43":6,"47":6,"51":3,"52":2},"path":"/Users/garrett/repositories/rabbithole/quest-protocol/contracts/Erc20Quest.sol","s":{"1":13,"2":13,"3":13,"4":12,"5":6,"6":6,"7":3,"8":2},"b":{"1":[0,13],"2":[1,12],"3":[3,1]},"f":{"1":96,"2":13,"3":13,"4":6,"5":6,"6":3},"fnMap":{"1":{"name":"constructor","line":29,"loc":{"start":{"line":10,"column":4},"end":{"line":30,"column":5}}},"2":{"name":"start","line":32,"loc":{"start":{"line":32,"column":4},"end":{"line":35,"column":4}}},"3":{"name":"claim","line":37,"loc":{"start":{"line":37,"column":4},"end":{"line":40,"column":4}}},"4":{"name":"_transferRewards","line":42,"loc":{"start":{"line":42,"column":4},"end":{"line":44,"column":4}}},"5":{"name":"_calculateRewards","line":46,"loc":{"start":{"line":46,"column":4},"end":{"line":48,"column":4}}},"6":{"name":"withdraw","line":50,"loc":{"start":{"line":50,"column":4},"end":{"line":53,"column":4}}}},"statementMap":{"1":{"start":{"line":33,"column":8},"end":{"line":33,"column":106}},"2":{"start":{"line":34,"column":8},"end":{"line":34,"column":20}},"3":{"start":{"line":38,"column":8},"end":{"line":38,"column":116}},"4":{"start":{"line":39,"column":8},"end":{"line":39,"column":20}},"5":{"start":{"line":43,"column":8},"end":{"line":43,"column":60}},"6":{"start":{"line":47,"column":8},"end":{"line":47,"column":65}},"7":{"start":{"line":51,"column":8},"end":{"line":51,"column":23}},"8":{"start":{"line":52,"column":8},"end":{"line":52,"column":97}}},"branchMap":{"1":{"line":33,"type":"if","locations":[{"start":{"line":33,"column":8},"end":{"line":33,"column":8}},{"start":{"line":33,"column":8},"end":{"line":33,"column":8}}]},"2":{"line":38,"type":"if","locations":[{"start":{"line":38,"column":8},"end":{"line":38,"column":8}},{"start":{"line":38,"column":8},"end":{"line":38,"column":8}}]},"3":{"line":50,"type":"if","locations":[{"start":{"line":50,"column":40},"end":{"line":50,"column":40}},{"start":{"line":50,"column":40},"end":{"line":50,"column":40}}]}}},
"contracts/interfaces/IQuest.sol":{"l":{},"path":"/Users/garrett/repositories/rabbithole/quest-protocol/contracts/interfaces/IQuest.sol","s":{},"b":{},"f":{},"fnMap":{},"statementMap":{},"branchMap":{}},
"contracts/Quest.sol":{"l":{"34":188,"35":188,"36":188,"37":188,"38":188,"39":188,"40":188,"41":188,"42":188,"43":188,"47":24,"48":24,"52":6,"53":6,"57":2,"58":2,"62":2,"66":12,"67":14,"72":18,"73":18,"74":18,"76":18,"77":18,"78":16,"79":16,"83":18,"84":18,"86":18,"87":18,"88":16,"89":16,"93":18,"97":24,"98":22,"99":20,"101":18,"102":18,"104":18,"106":14,"108":14,"109":16,"110":14,"114":14,"116":12,"118":12,"120":12,"122":12,"134":24,"138":6},"path":"/Users/garrett/repositories/rabbithole/quest-protocol/contracts/Quest.sol","s":{"1":188,"2":188,"3":6,"4":2,"5":12,"6":18,"7":18,"8":18,"9":18,"10":18,"11":18,"12":18,"13":18,"14":18,"15":18,"16":24,"17":22,"18":20,"19":18,"20":18,"21":18,"22":14,"23":14,"24":16,"25":14,"26":12,"27":12,"28":12,"29":12,"30":24,"31":6},"b":{"1":[0,188],"2":[0,188],"3":[24,2],"4":[6,2],"5":[0,6],"6":[2,2],"7":[0,2],"8":[2,2],"9":[16,2],"10":[16,2],"11":[2,22],"12":[2,20],"13":[2,18],"14":[4,14],"15":[14,2],"16":[2,12],"17":[6,0],"18":[2,4]},"f":{"1":188,"2":24,"3":6,"4":2,"5":2,"6":12,"7":18,"8":24,"9":0,"10":0,"11":24,"12":6},"fnMap":{"1":{"name":"constructor","line":24,"loc":{"start":{"line":24,"column":4},"end":{"line":44,"column":4}}},"2":{"name":"start","line":46,"loc":{"start":{"line":46,"column":4},"end":{"line":49,"column":4}}},"3":{"name":"pause","line":51,"loc":{"start":{"line":51,"column":4},"end":{"line":54,"column":4}}},"4":{"name":"unPause","line":56,"loc":{"start":{"line":56,"column":4},"end":{"line":59,"column":4}}},"5":{"name":"setAllowList","line":61,"loc":{"start":{"line":61,"column":4},"end":{"line":63,"column":4}}},"6":{"name":"_setClaimed","line":65,"loc":{"start":{"line":65,"column":4},"end":{"line":69,"column":4}}},"7":{"name":"getClaimableTokenIds","line":71,"loc":{"start":{"line":71,"column":4},"end":{"line":94,"column":4}}},"8":{"name":"claim","line":96,"loc":{"start":{"line":96,"column":4},"end":{"line":123,"column":4}}},"9":{"name":"_calculateRewards","line":125,"loc":{"start":{"line":125,"column":4},"end":{"line":127,"column":4}}},"10":{"name":"_transferRewards","line":129,"loc":{"start":{"line":129,"column":4},"end":{"line":131,"column":4}}},"11":{"name":"isClaimed","line":133,"loc":{"start":{"line":133,"column":4},"end":{"line":135,"column":4}}},"12":{"name":"withdraw","line":137,"loc":{"start":{"line":137,"column":4},"end":{"line":139,"column":4}}}},"statementMap":{"1":{"start":{"line":34,"column":8},"end":{"line":34,"column":63}},"2":{"start":{"line":35,"column":8},"end":{"line":35,"column":67}},"3":{"start":{"line":52,"column":8},"end":{"line":52,"column":52}},"4":{"start":{"line":57,"column":8},"end":{"line":57,"column":52}},"5":{"start":{"line":66,"column":8},"end":{"line":66,"column":2077}},"6":{"start":{"line":72,"column":8},"end":{"line":72,"column":48}},"7":{"start":{"line":73,"column":8},"end":{"line":73,"column":69}},"8":{"start":{"line":74,"column":8},"end":{"line":74,"column":28}},"9":{"start":{"line":76,"column":8},"end":{"line":76,"column":2443}},"10":{"start":{"line":77,"column":12},"end":{"line":77,"column":2505}},"11":{"start":{"line":83,"column":8},"end":{"line":83,"column":62}},"12":{"start":{"line":84,"column":8},"end":{"line":84,"column":41}},"13":{"start":{"line":86,"column":8},"end":{"line":86,"column":2788}},"14":{"start":{"line":87,"column":12},"end":{"line":87,"column":2850}},"15":{"start":{"line":93,"column":8},"end":{"line":93,"column":29}},"16":{"start":{"line":97,"column":8},"end":{"line":97,"column":52}},"17":{"start":{"line":98,"column":8},"end":{"line":98,"column":50}},"18":{"start":{"line":99,"column":8},"end":{"line":99,"column":71}},"19":{"start":{"line":101,"column":8},"end":{"line":101,"column":106}},"20":{"start":{"line":102,"column":8},"end":{"line":102,"column":64}},"21":{"start":{"line":104,"column":8},"end":{"line":104,"column":56}},"22":{"start":{"line":106,"column":8},"end":{"line":106,"column":40}},"23":{"start":{"line":108,"column":8},"end":{"line":108,"column":3567}},"24":{"start":{"line":109,"column":12},"end":{"line":109,"column":3626}},"25":{"start":{"line":114,"column":8},"end":{"line":114,"column":62}},"26":{"start":{"line":116,"column":8},"end":{"line":116,"column":80}},"27":{"start":{"line":118,"column":8},"end":{"line":118,"column":26}},"28":{"start":{"line":120,"column":8},"end":{"line":120,"column":47}},"29":{"start":{"line":122,"column":8},"end":{"line":122,"column":56}},"30":{"start":{"line":134,"column":8},"end":{"line":134,"column":69}},"31":{"start":{"line":138,"column":8},"end":{"line":138,"column":69}}},"branchMap":{"1":{"line":34,"type":"if","locations":[{"start":{"line":34,"column":8},"end":{"line":34,"column":8}},{"start":{"line":34,"column":8},"end":{"line":34,"column":8}}]},"2":{"line":35,"type":"if","locations":[{"start":{"line":35,"column":8},"end":{"line":35,"column":8}},{"start":{"line":35,"column":8},"end":{"line":35,"column":8}}]},"3":{"line":46,"type":"if","locations":[{"start":{"line":46,"column":36},"end":{"line":46,"column":36}},{"start":{"line":46,"column":36},"end":{"line":46,"column":36}}]},"4":{"line":51,"type":"if","locations":[{"start":{"line":51,"column":28},"end":{"line":51,"column":28}},{"start":{"line":51,"column":28},"end":{"line":51,"column":28}}]},"5":{"line":52,"type":"if","locations":[{"start":{"line":52,"column":8},"end":{"line":52,"column":8}},{"start":{"line":52,"column":8},"end":{"line":52,"column":8}}]},"6":{"line":56,"type":"if","locations":[{"start":{"line":56,"column":30},"end":{"line":56,"column":30}},{"start":{"line":56,"column":30},"end":{"line":56,"column":30}}]},"7":{"line":57,"type":"if","locations":[{"start":{"line":57,"column":8},"end":{"line":57,"column":8}},{"start":{"line":57,"column":8},"end":{"line":57,"column":8}}]},"8":{"line":61,"type":"if","locations":[{"start":{"line":61,"column":59},"end":{"line":61,"column":59}},{"start":{"line":61,"column":59},"end":{"line":61,"column":59}}]},"9":{"line":77,"type":"if","locations":[{"start":{"line":77,"column":12},"end":{"line":77,"column":12}},{"start":{"line":77,"column":12},"end":{"line":77,"column":12}}]},"10":{"line":87,"type":"if","locations":[{"start":{"line":87,"column":12},"end":{"line":87,"column":12}},{"start":{"line":87,"column":12},"end":{"line":87,"column":12}}]},"11":{"line":97,"type":"if","locations":[{"start":{"line":97,"column":8},"end":{"line":97,"column":8}},{"start":{"line":97,"column":8},"end":{"line":97,"column":8}}]},"12":{"line":98,"type":"if","locations":[{"start":{"line":98,"column":8},"end":{"line":98,"column":8}},{"start":{"line":98,"column":8},"end":{"line":98,"column":8}}]},"13":{"line":99,"type":"if","locations":[{"start":{"line":99,"column":8},"end":{"line":99,"column":8}},{"start":{"line":99,"column":8},"end":{"line":99,"column":8}}]},"14":{"line":104,"type":"if","locations":[{"start":{"line":104,"column":8},"end":{"line":104,"column":8}},{"start":{"line":104,"column":8},"end":{"line":104,"column":8}}]},"15":{"line":109,"type":"if","locations":[{"start":{"line":109,"column":12},"end":{"line":109,"column":12}},{"start":{"line":109,"column":12},"end":{"line":109,"column":12}}]},"16":{"line":114,"type":"if","locations":[{"start":{"line":114,"column":8},"end":{"line":114,"column":8}},{"start":{"line":114,"column":8},"end":{"line":114,"column":8}}]},"17":{"line":137,"type":"if","locations":[{"start":{"line":137,"column":39},"end":{"line":137,"column":39}},{"start":{"line":137,"column":39},"end":{"line":137,"column":39}}]},"18":{"line":138,"type":"if","locations":[{"start":{"line":138,"column":8},"end":{"line":138,"column":8}},{"start":{"line":138,"column":8},"end":{"line":138,"column":8}}]}}},
"contracts/QuestFactory.sol":{"l":{"33":27,"34":27,"35":27,"49":8,"51":8,"52":6,"62":6,"64":6,"65":6,"66":6,"67":6,"70":2,"71":2,"81":2,"83":2,"84":2,"85":2,"86":2,"89":0,"93":1,"97":0,"101":0,"105":2,"106":2,"111":5,"112":4,"113":3,"114":2,"116":2,"117":2,"118":2},"path":"/Users/garrett/repositories/rabbithole/quest-protocol/contracts/QuestFactory.sol","s":{"1":27,"2":8,"3":8,"4":6,"5":6,"6":6,"7":6,"8":2,"9":2,"10":2,"11":2,"12":2,"13":0,"14":0,"15":2,"16":2,"17":5,"18":4,"19":3,"20":2,"21":2},"b":{"1":[27,0],"2":[8,0],"3":[0,8],"4":[6,2],"5":[2,0],"6":[1,0],"7":[0,0],"8":[1,4],"9":[1,3],"10":[1,2],"11":[0,2]},"f":{"1":3,"2":27,"3":8,"4":1,"5":0,"6":0,"7":2,"8":5},"fnMap":{"1":{"name":"constructor","line":30,"loc":{"start":{"line":30,"column":4},"end":{"line":30,"column":31}}},"2":{"name":"initialize","line":32,"loc":{"start":{"line":32,"column":4},"end":{"line":36,"column":4}}},"3":{"name":"createQuest","line":48,"loc":{"start":{"line":38,"column":4},"end":{"line":90,"column":4}}},"4":{"name":"setClaimSignerAddress","line":92,"loc":{"start":{"line":92,"column":4},"end":{"line":94,"column":4}}},"5":{"name":"setRabbitHoleReceiptContract","line":96,"loc":{"start":{"line":96,"column":4},"end":{"line":98,"column":4}}},"6":{"name":"getQuestAddress","line":100,"loc":{"start":{"line":100,"column":4},"end":{"line":102,"column":4}}},"7":{"name":"recoverSigner","line":104,"loc":{"start":{"line":104,"column":4},"end":{"line":107,"column":4}}},"8":{"name":"mintReceipt","line":110,"loc":{"start":{"line":110,"column":4},"end":{"line":119,"column":4}}}},"statementMap":{"1":{"start":{"line":33,"column":8},"end":{"line":33,"column":23}},"2":{"start":{"line":49,"column":8},"end":{"line":49,"column":80}},"3":{"start":{"line":51,"column":8},"end":{"line":51,"column":2108}},"4":{"start":{"line":52,"column":12},"end":{"line":52,"column":2215}},"5":{"start":{"line":62,"column":12},"end":{"line":62,"column":49}},"6":{"start":{"line":64,"column":12},"end":{"line":64,"column":75}},"7":{"start":{"line":67,"column":12},"end":{"line":67,"column":36}},"8":{"start":{"line":70,"column":8},"end":{"line":70,"column":2831}},"9":{"start":{"line":71,"column":12},"end":{"line":71,"column":2940}},"10":{"start":{"line":81,"column":12},"end":{"line":81,"column":49}},"11":{"start":{"line":83,"column":12},"end":{"line":83,"column":75}},"12":{"start":{"line":86,"column":12},"end":{"line":86,"column":36}},"13":{"start":{"line":89,"column":8},"end":{"line":89,"column":25}},"14":{"start":{"line":101,"column":8},"end":{"line":101,"column":47}},"15":{"start":{"line":105,"column":8},"end":{"line":105,"column":101}},"16":{"start":{"line":106,"column":8},"end":{"line":106,"column":65}},"17":{"start":{"line":111,"column":8},"end":{"line":111,"column":119}},"18":{"start":{"line":112,"column":8},"end":{"line":112,"column":96}},"19":{"start":{"line":113,"column":8},"end":{"line":113,"column":92}},"20":{"start":{"line":114,"column":8},"end":{"line":114,"column":93}},"21":{"start":{"line":118,"column":8},"end":{"line":118,"column":68}}},"branchMap":{"1":{"line":32,"type":"if","locations":[{"start":{"line":32,"column":96},"end":{"line":32,"column":96}},{"start":{"line":32,"column":96},"end":{"line":32,"column":96}}]},"2":{"line":48,"type":"if","locations":[{"start":{"line":48,"column":13},"end":{"line":48,"column":13}},{"start":{"line":48,"column":13},"end":{"line":48,"column":13}}]},"3":{"line":49,"type":"if","locations":[{"start":{"line":49,"column":8},"end":{"line":49,"column":8}},{"start":{"line":49,"column":8},"end":{"line":49,"column":8}}]},"4":{"line":51,"type":"if","locations":[{"start":{"line":51,"column":8},"end":{"line":51,"column":8}},{"start":{"line":51,"column":8},"end":{"line":51,"column":8}}]},"5":{"line":70,"type":"if","locations":[{"start":{"line":70,"column":8},"end":{"line":70,"column":8}},{"start":{"line":70,"column":8},"end":{"line":70,"column":8}}]},"6":{"line":92,"type":"if","locations":[{"start":{"line":92,"column":71},"end":{"line":92,"column":71}},{"start":{"line":92,"column":71},"end":{"line":92,"column":71}}]},"7":{"line":96,"type":"if","locations":[{"start":{"line":96,"column":85},"end":{"line":96,"column":85}},{"start":{"line":96,"column":85},"end":{"line":96,"column":85}}]},"8":{"line":111,"type":"if","locations":[{"start":{"line":111,"column":8},"end":{"line":111,"column":8}},{"start":{"line":111,"column":8},"end":{"line":111,"column":8}}]},"9":{"line":112,"type":"if","locations":[{"start":{"line":112,"column":8},"end":{"line":112,"column":8}},{"start":{"line":112,"column":8},"end":{"line":112,"column":8}}]},"10":{"line":113,"type":"if","locations":[{"start":{"line":113,"column":8},"end":{"line":113,"column":8}},{"start":{"line":113,"column":8},"end":{"line":113,"column":8}}]},"11":{"line":114,"type":"if","locations":[{"start":{"line":114,"column":8},"end":{"line":114,"column":8}},{"start":{"line":114,"column":8},"end":{"line":114,"column":8}}]}}},
"contracts/RabbitHoleReceipt.sol":{"l":{"35":3,"39":219,"40":219,"41":219,"42":219,"43":219,"44":219,"48":17,"49":17,"53":0,"57":0,"61":0,"65":33,"66":33,"67":33,"68":33,"69":33,"73":17,"74":33,"82":25,"83":25,"84":25,"86":25,"87":35,"88":35,"89":29,"90":29,"94":25,"95":25,"97":25,"98":35,"99":29,"100":29,"103":25,"107":18,"108":18,"109":18,"110":18,"111":18,"115":0,"124":37,"130":1,"132":1,"145":1,"149":1,"161":1,"168":0,"170":0,"171":0,"177":0},"path":"/Users/garrett/repositories/rabbithole/quest-protocol/contracts/RabbitHoleReceipt.sol","s":{"1":3,"2":219,"3":219,"4":219,"5":33,"6":33,"7":33,"8":17,"9":33,"10":25,"11":25,"12":25,"13":25,"14":35,"15":35,"16":25,"17":25,"18":25,"19":35,"20":25,"21":18,"22":18,"23":18,"24":18,"25":18,"26":0,"27":37,"28":1,"29":1,"30":1,"31":1,"32":1,"33":0,"34":0,"35":0,"36":0},"b":{"1":[219,0],"2":[0,0],"3":[0,0],"4":[0,0],"5":[17,0],"6":[29,6],"7":[29,6],"8":[1,0],"9":[0,0],"10":[0,0]},"f":{"1":3,"2":219,"3":17,"4":0,"5":0,"6":0,"7":33,"8":17,"9":25,"10":18,"11":0,"12":37,"13":1,"14":1,"15":0,"16":0},"fnMap":{"1":{"name":"constructor","line":34,"loc":{"start":{"line":34,"column":4},"end":{"line":36,"column":4}}},"2":{"name":"initialize","line":38,"loc":{"start":{"line":38,"column":4},"end":{"line":45,"column":4}}},"3":{"name":"onlyMinter","line":47,"loc":{"start":{"line":47,"column":4},"end":{"line":50,"column":4}}},"4":{"name":"setRoyaltyRecipient","line":52,"loc":{"start":{"line":52,"column":4},"end":{"line":54,"column":4}}},"5":{"name":"setMinterAddress","line":56,"loc":{"start":{"line":56,"column":4},"end":{"line":58,"column":4}}},"6":{"name":"setRoyaltyFee","line":60,"loc":{"start":{"line":60,"column":4},"end":{"line":62,"column":4}}},"7":{"name":"_mintSingleNFT","line":64,"loc":{"start":{"line":64,"column":4},"end":{"line":70,"column":4}}},"8":{"name":"mint","line":72,"loc":{"start":{"line":72,"column":4},"end":{"line":76,"column":4}}},"9":{"name":"getOwnedTokenIdsOfQuest","line":78,"loc":{"start":{"line":78,"column":4},"end":{"line":104,"column":4}}},"10":{"name":"tokenIdCanClaim","line":106,"loc":{"start":{"line":106,"column":4},"end":{"line":112,"column":4}}},"11":{"name":"_burn","line":114,"loc":{"start":{"line":114,"column":4},"end":{"line":116,"column":4}}},"12":{"name":"_beforeTokenTransfer","line":118,"loc":{"start":{"line":118,"column":4},"end":{"line":125,"column":4}}},"13":{"name":"tokenURI","line":127,"loc":{"start":{"line":127,"column":4},"end":{"line":146,"column":4}}},"14":{"name":"generateSVG","line":148,"loc":{"start":{"line":148,"column":4},"end":{"line":162,"column":4}}},"15":{"name":"royaltyInfo","line":164,"loc":{"start":{"line":164,"column":4},"end":{"line":172,"column":4}}},"16":{"name":"supportsInterface","line":174,"loc":{"start":{"line":174,"column":4},"end":{"line":178,"column":4}}}},"statementMap":{"1":{"start":{"line":35,"column":8},"end":{"line":35,"column":29}},"2":{"start":{"line":39,"column":8},"end":{"line":39,"column":48}},"3":{"start":{"line":40,"column":8},"end":{"line":40,"column":32}},"4":{"start":{"line":41,"column":8},"end":{"line":41,"column":23}},"5":{"start":{"line":65,"column":8},"end":{"line":65,"column":28}},"6":{"start":{"line":66,"column":8},"end":{"line":66,"column":45}},"7":{"start":{"line":67,"column":8},"end":{"line":67,"column":33}},"8":{"start":{"line":73,"column":8},"end":{"line":73,"column":2755}},"9":{"start":{"line":74,"column":12},"end":{"line":74,"column":40}},"10":{"start":{"line":82,"column":8},"end":{"line":82,"column":58}},"11":{"start":{"line":83,"column":8},"end":{"line":83,"column":69}},"12":{"start":{"line":84,"column":8},"end":{"line":84,"column":28}},"13":{"start":{"line":86,"column":8},"end":{"line":86,"column":3167}},"14":{"start":{"line":87,"column":12},"end":{"line":87,"column":66}},"15":{"start":{"line":88,"column":12},"end":{"line":88,"column":3297}},"16":{"start":{"line":94,"column":8},"end":{"line":94,"column":62}},"17":{"start":{"line":95,"column":8},"end":{"line":95,"column":41}},"18":{"start":{"line":97,"column":8},"end":{"line":97,"column":3594}},"19":{"start":{"line":98,"column":12},"end":{"line":98,"column":3656}},"20":{"start":{"line":103,"column":8},"end":{"line":103,"column":29}},"21":{"start":{"line":107,"column":8},"end":{"line":107,"column":67}},"22":{"start":{"line":108,"column":8},"end":{"line":108,"column":69}},"23":{"start":{"line":109,"column":8},"end":{"line":109,"column":65}},"24":{"start":{"line":110,"column":8},"end":{"line":110,"column":108}},"25":{"start":{"line":111,"column":8},"end":{"line":111,"column":48}},"26":{"start":{"line":115,"column":8},"end":{"line":115,"column":27}},"27":{"start":{"line":124,"column":8},"end":{"line":124,"column":63}},"28":{"start":{"line":130,"column":8},"end":{"line":130,"column":86}},"29":{"start":{"line":132,"column":8},"end":{"line":132,"column":4985}},"30":{"start":{"line":145,"column":8},"end":{"line":145,"column":107}},"31":{"start":{"line":149,"column":8},"end":{"line":149,"column":5645}},"32":{"start":{"line":161,"column":8},"end":{"line":161,"column":100}},"33":{"start":{"line":168,"column":8},"end":{"line":168,"column":53}},"34":{"start":{"line":170,"column":8},"end":{"line":170,"column":64}},"35":{"start":{"line":171,"column":8},"end":{"line":171,"column":49}},"36":{"start":{"line":177,"column":8},"end":{"line":177,"column":107}}},"branchMap":{"1":{"line":38,"type":"if","locations":[{"start":{"line":38,"column":100},"end":{"line":38,"column":100}},{"start":{"line":38,"column":100},"end":{"line":38,"column":100}}]},"2":{"line":52,"type":"if","locations":[{"start":{"line":52,"column":67},"end":{"line":52,"column":67}},{"start":{"line":52,"column":67},"end":{"line":52,"column":67}}]},"3":{"line":56,"type":"if","locations":[{"start":{"line":56,"column":61},"end":{"line":56,"column":61}},{"start":{"line":56,"column":61},"end":{"line":56,"column":61}}]},"4":{"line":60,"type":"if","locations":[{"start":{"line":60,"column":55},"end":{"line":60,"column":55}},{"start":{"line":60,"column":55},"end":{"line":60,"column":55}}]},"5":{"line":72,"type":"if","locations":[{"start":{"line":72,"column":75},"end":{"line":72,"column":75}},{"start":{"line":72,"column":75},"end":{"line":72,"column":75}}]},"6":{"line":88,"type":"if","locations":[{"start":{"line":88,"column":12},"end":{"line":88,"column":12}},{"start":{"line":88,"column":12},"end":{"line":88,"column":12}}]},"7":{"line":98,"type":"if","locations":[{"start":{"line":98,"column":12},"end":{"line":98,"column":12}},{"start":{"line":98,"column":12},"end":{"line":98,"column":12}}]},"8":{"line":130,"type":"if","locations":[{"start":{"line":130,"column":8},"end":{"line":130,"column":8}},{"start":{"line":130,"column":8},"end":{"line":130,"column":8}}]},"9":{"line":168,"type":"if","locations":[{"start":{"line":168,"column":8},"end":{"line":168,"column":8}},{"start":{"line":168,"column":8},"end":{"line":168,"column":8}}]},"10":{"line":177,"type":"cond-expr","locations":[{"start":{"line":177,"column":15},"end":{"line":177,"column":66}},{"start":{"line":177,"column":71},"end":{"line":177,"column":106}}]}}},
"contracts/SampleErc1155.sol":{"l":{"8":120},"path":"/Users/garrett/repositories/rabbithole/quest-protocol/contracts/SampleErc1155.sol","s":{"1":120},"b":{},"f":{"1":120},"fnMap":{"1":{"name":"constructor","line":7,"loc":{"start":{"line":7,"column":4},"end":{"line":9,"column":4}}}},"statementMap":{"1":{"start":{"line":8,"column":8},"end":{"line":8,"column":39}}},"branchMap":{}},
"contracts/SampleERC20.sol":{"l":{"32":123},"path":"/Users/garrett/repositories/rabbithole/quest-protocol/contracts/SampleERC20.sol","s":{"1":123},"b":{},"f":{"1":123},"fnMap":{"1":{"name":"constructor","line":31,"loc":{"start":{"line":26,"column":4},"end":{"line":33,"column":4}}}},"statementMap":{"1":{"start":{"line":32,"column":8},"end":{"line":32,"column":34}}},"branchMap":{}},
"contracts/test/TestERC20.sol":{"l":{"8":0,"14":0,"15":0,"16":0,"18":0},"path":"/Users/garrett/repositories/rabbithole/quest-protocol/contracts/test/TestERC20.sol","s":{"1":0,"2":0,"3":0,"4":0,"5":0,"6":0},"b":{"1":[0,0],"2":[0,0]},"f":{"1":0,"2":0},"fnMap":{"1":{"name":"constructor","line":7,"loc":{"start":{"line":7,"column":4},"end":{"line":9,"column":4}}},"2":{"name":"setBalance","line":13,"loc":{"start":{"line":13,"column":4},"end":{"line":20,"column":4}}}},"statementMap":{"1":{"start":{"line":8,"column":8},"end":{"line":8,"column":43}},"2":{"start":{"line":14,"column":8},"end":{"line":14,"column":32}},"3":{"start":{"line":15,"column":8},"end":{"line":15,"column":524}},"4":{"start":{"line":16,"column":12},"end":{"line":16,"column":34}},"5":{"start":{"line":17,"column":15},"end":{"line":17,"column":596}},"6":{"start":{"line":18,"column":12},"end":{"line":18,"column":34}}},"branchMap":{"1":{"line":15,"type":"if","locations":[{"start":{"line":15,"column":8},"end":{"line":15,"column":8}},{"start":{"line":15,"column":8},"end":{"line":15,"column":8}}]},"2":{"line":17,"type":"if","locations":[{"start":{"line":17,"column":15},"end":{"line":17,"column":15}},{"start":{"line":17,"column":15},"end":{"line":17,"column":15}}]}}}}
