TN:
SF:/Users/garrett/repositories/rabbithole/quest-protocol/contracts/Erc1155Quest.sol
FN:28,constructor
FN:31,start
FN:37,claim
FN:43,_transferRewards
FN:47,_calculateRewards
FN:51,withdraw
FNF:6
FNH:6
FNDA:92,constructor
FNDA:13,start
FNDA:13,claim
FNDA:6,_transferRewards
FNDA:6,_calculateRewards
FNDA:3,withdraw
DA:32,13
DA:33,0
DA:34,13
DA:38,13
DA:39,1
DA:40,12
DA:44,6
DA:48,6
DA:52,3
DA:53,2
LF:10
LH:9
BRDA:32,1,0,0
BRDA:32,1,1,13
BRDA:38,2,0,1
BRDA:38,2,1,12
BRDA:51,3,0,3
BRDA:51,3,1,1
BRF:6
BRH:5
end_of_record
TN:
SF:/Users/garrett/repositories/rabbithole/quest-protocol/contracts/Erc20Quest.sol
FN:29,constructor
FN:32,start
FN:37,claim
FN:42,_transferRewards
FN:46,_calculateRewards
FN:50,withdraw
FNF:6
FNH:6
FNDA:96,constructor
FNDA:13,start
FNDA:13,claim
FNDA:6,_transferRewards
FNDA:6,_calculateRewards
FNDA:3,withdraw
DA:33,13
DA:34,13
DA:38,13
DA:39,12
DA:43,6
DA:47,6
DA:51,3
DA:52,2
LF:8
LH:8
BRDA:33,1,0,0
BRDA:33,1,1,13
BRDA:38,2,0,1
BRDA:38,2,1,12
BRDA:50,3,0,3
BRDA:50,3,1,1
BRF:6
BRH:5
end_of_record
TN:
SF:/Users/garrett/repositories/rabbithole/quest-protocol/contracts/interfaces/IQuest.sol
FNF:0
FNH:0
LF:0
LH:0
BRF:0
BRH:0
end_of_record
TN:
SF:/Users/garrett/repositories/rabbithole/quest-protocol/contracts/Quest.sol
FN:24,constructor
FN:46,start
FN:51,pause
FN:56,unPause
FN:61,setAllowList
FN:65,_setClaimed
FN:71,getClaimableTokenIds
FN:96,claim
FN:125,_calculateRewards
FN:129,_transferRewards
FN:133,isClaimed
FN:137,withdraw
FNF:12
FNH:10
FNDA:188,constructor
FNDA:24,start
FNDA:6,pause
FNDA:2,unPause
FNDA:2,setAllowList
FNDA:12,_setClaimed
FNDA:18,getClaimableTokenIds
FNDA:24,claim
FNDA:0,_calculateRewards
FNDA:0,_transferRewards
FNDA:24,isClaimed
FNDA:6,withdraw
DA:34,188
DA:35,188
DA:36,188
DA:37,188
DA:38,188
DA:39,188
DA:40,188
DA:41,188
DA:42,188
DA:43,188
DA:47,24
DA:48,24
DA:52,6
DA:53,6
DA:57,2
DA:58,2
DA:62,2
DA:66,12
DA:67,14
DA:72,18
DA:73,18
DA:74,18
DA:76,18
DA:77,18
DA:78,16
DA:79,16
DA:83,18
DA:84,18
DA:86,18
DA:87,18
DA:88,16
DA:89,16
DA:93,18
DA:97,24
DA:98,22
DA:99,20
DA:101,18
DA:102,18
DA:104,18
DA:106,14
DA:108,14
DA:109,16
DA:110,14
DA:114,14
DA:116,12
DA:118,12
DA:120,12
DA:122,12
DA:134,24
DA:138,6
LF:50
LH:50
BRDA:34,1,0,0
BRDA:34,1,1,188
BRDA:35,2,0,0
BRDA:35,2,1,188
BRDA:46,3,0,24
BRDA:46,3,1,2
BRDA:51,4,0,6
BRDA:51,4,1,2
BRDA:52,5,0,0
BRDA:52,5,1,6
BRDA:56,6,0,2
BRDA:56,6,1,2
BRDA:57,7,0,0
BRDA:57,7,1,2
BRDA:61,8,0,2
BRDA:61,8,1,2
BRDA:77,9,0,16
BRDA:77,9,1,2
BRDA:87,10,0,16
BRDA:87,10,1,2
BRDA:97,11,0,2
BRDA:97,11,1,22
BRDA:98,12,0,2
BRDA:98,12,1,20
BRDA:99,13,0,2
BRDA:99,13,1,18
BRDA:104,14,0,4
BRDA:104,14,1,14
BRDA:109,15,0,14
BRDA:109,15,1,2
BRDA:114,16,0,2
BRDA:114,16,1,12
BRDA:137,17,0,6
BRDA:137,17,1,0
BRDA:138,18,0,2
BRDA:138,18,1,4
BRF:36
BRH:31
end_of_record
TN:
SF:/Users/garrett/repositories/rabbithole/quest-protocol/contracts/QuestFactory.sol
FN:30,constructor
FN:32,initialize
FN:48,createQuest
FN:92,setClaimSignerAddress
FN:96,setRabbitHoleReceiptContract
FN:100,getQuestAddress
FN:104,recoverSigner
FN:110,mintReceipt
FNF:8
FNH:6
FNDA:3,constructor
FNDA:27,initialize
FNDA:8,createQuest
FNDA:1,setClaimSignerAddress
FNDA:0,setRabbitHoleReceiptContract
FNDA:0,getQuestAddress
FNDA:2,recoverSigner
FNDA:5,mintReceipt
DA:33,27
DA:34,27
DA:35,27
DA:49,8
DA:51,8
DA:52,6
DA:62,6
DA:64,6
DA:65,6
DA:66,6
DA:67,6
DA:70,2
DA:71,2
DA:81,2
DA:83,2
DA:84,2
DA:85,2
DA:86,2
DA:89,0
DA:93,1
DA:97,0
DA:101,0
DA:105,2
DA:106,2
DA:111,5
DA:112,4
DA:113,3
DA:114,2
DA:116,2
DA:117,2
DA:118,2
LF:31
LH:28
BRDA:32,1,0,27
BRDA:32,1,1,0
BRDA:48,2,0,8
BRDA:48,2,1,0
BRDA:49,3,0,0
BRDA:49,3,1,8
BRDA:51,4,0,6
BRDA:51,4,1,2
BRDA:70,5,0,2
BRDA:70,5,1,0
BRDA:92,6,0,1
BRDA:92,6,1,0
BRDA:96,7,0,0
BRDA:96,7,1,0
BRDA:111,8,0,1
BRDA:111,8,1,4
BRDA:112,9,0,1
BRDA:112,9,1,3
BRDA:113,10,0,1
BRDA:113,10,1,2
BRDA:114,11,0,0
BRDA:114,11,1,2
BRF:22
BRH:14
end_of_record
TN:
SF:/Users/garrett/repositories/rabbithole/quest-protocol/contracts/RabbitHoleReceipt.sol
FN:34,constructor
FN:38,initialize
FN:47,onlyMinter
FN:52,setRoyaltyRecipient
FN:56,setMinterAddress
FN:60,setRoyaltyFee
FN:64,_mintSingleNFT
FN:72,mint
FN:78,getOwnedTokenIdsOfQuest
FN:106,tokenIdCanClaim
FN:114,_burn
FN:118,_beforeTokenTransfer
FN:127,tokenURI
FN:148,generateSVG
FN:164,royaltyInfo
FN:174,supportsInterface
FNF:16
FNH:10
FNDA:3,constructor
FNDA:219,initialize
FNDA:17,onlyMinter
FNDA:0,setRoyaltyRecipient
FNDA:0,setMinterAddress
FNDA:0,setRoyaltyFee
FNDA:33,_mintSingleNFT
FNDA:17,mint
FNDA:25,getOwnedTokenIdsOfQuest
FNDA:18,tokenIdCanClaim
FNDA:0,_burn
FNDA:37,_beforeTokenTransfer
FNDA:1,tokenURI
FNDA:1,generateSVG
FNDA:0,royaltyInfo
FNDA:0,supportsInterface
DA:35,3
DA:39,219
DA:40,219
DA:41,219
DA:42,219
DA:43,219
DA:44,219
DA:48,17
DA:49,17
DA:53,0
DA:57,0
DA:61,0
DA:65,33
DA:66,33
DA:67,33
DA:68,33
DA:69,33
DA:73,17
DA:74,33
DA:82,25
DA:83,25
DA:84,25
DA:86,25
DA:87,35
DA:88,35
DA:89,29
DA:90,29
DA:94,25
DA:95,25
DA:97,25
DA:98,35
DA:99,29
DA:100,29
DA:103,25
DA:107,18
DA:108,18
DA:109,18
DA:110,18
DA:111,18
DA:115,0
DA:124,37
DA:130,1
DA:132,1
DA:145,1
DA:149,1
DA:161,1
DA:168,0
DA:170,0
DA:171,0
DA:177,0
LF:50
LH:42
BRDA:38,1,0,219
BRDA:38,1,1,0
BRDA:52,2,0,0
BRDA:52,2,1,0
BRDA:56,3,0,0
BRDA:56,3,1,0
BRDA:60,4,0,0
BRDA:60,4,1,0
BRDA:72,5,0,17
BRDA:72,5,1,0
BRDA:88,6,0,29
BRDA:88,6,1,6
BRDA:98,7,0,29
BRDA:98,7,1,6
BRDA:130,8,0,1
BRDA:130,8,1,0
BRDA:168,9,0,0
BRDA:168,9,1,0
BRDA:177,10,0,0
BRDA:177,10,1,0
BRF:20
BRH:7
end_of_record
TN:
SF:/Users/garrett/repositories/rabbithole/quest-protocol/contracts/SampleErc1155.sol
FN:7,constructor
FNF:1
FNH:1
FNDA:120,constructor
DA:8,120
LF:1
LH:1
BRF:0
BRH:0
end_of_record
TN:
SF:/Users/garrett/repositories/rabbithole/quest-protocol/contracts/SampleERC20.sol
FN:31,constructor
FNF:1
FNH:1
FNDA:123,constructor
DA:32,123
LF:1
LH:1
BRF:0
BRH:0
end_of_record
TN:
SF:/Users/garrett/repositories/rabbithole/quest-protocol/contracts/test/TestERC20.sol
FN:7,constructor
FN:13,setBalance
FNF:2
FNH:0
FNDA:0,constructor
FNDA:0,setBalance
DA:8,0
DA:14,0
DA:15,0
DA:16,0
DA:18,0
LF:5
LH:0
BRDA:15,1,0,0
BRDA:15,1,1,0
BRDA:17,2,0,0
BRDA:17,2,1,0
BRF:4
BRH:0
end_of_record
